TN:
SF:src/services/Accout.service.ts
FN:12,AccountService
FN:23,create
FN:45,getAccounts
FNF:3
FNH:3
FNDA:4,AccountService
FNDA:3,create
FNDA:1,getAccounts
DA:1,1
DA:2,1
DA:3,1
DA:4,1
DA:5,1
DA:6,1
DA:7,1
DA:8,1
DA:9,1
DA:10,1
DA:11,1
DA:12,1
DA:13,4
DA:14,4
DA:15,4
DA:16,4
DA:17,4
DA:18,4
DA:19,4
DA:20,4
DA:21,4
DA:22,1
DA:23,1
DA:24,3
DA:25,3
DA:26,2
DA:27,2
DA:28,1
DA:29,1
DA:30,1
DA:31,1
DA:32,1
DA:33,1
DA:34,1
DA:35,1
DA:36,1
DA:37,1
DA:38,1
DA:39,1
DA:40,3
DA:41,1
DA:42,1
DA:43,3
DA:44,1
DA:45,1
DA:46,1
DA:47,1
DA:48,1
DA:49,1
DA:50,1
DA:51,1
DA:52,1
DA:53,1
DA:54,1
LF:54
LH:54
BRDA:12,0,0,4
BRDA:23,1,0,3
BRDA:25,2,0,2
BRDA:27,3,0,1
BRDA:40,4,0,1
BRDA:45,5,0,1
BRDA:47,6,0,1
BRF:7
BRH:7
end_of_record
TN:
SF:src/services/Bank.service.ts
FN:8,BankService
FN:12,getBanks
FNF:2
FNH:2
FNDA:1,BankService
FNDA:1,getBanks
DA:1,1
DA:2,1
DA:3,1
DA:4,1
DA:5,1
DA:6,1
DA:7,1
DA:8,1
DA:9,1
DA:10,1
DA:11,1
DA:12,1
DA:13,1
DA:14,1
DA:15,1
DA:16,1
DA:17,1
DA:18,1
DA:19,1
DA:20,1
DA:21,1
LF:21
LH:21
BRDA:8,0,0,1
BRDA:12,1,0,1
BRDA:14,2,0,1
BRF:3
BRH:3
end_of_record
TN:
SF:src/services/BankTransactions.service.ts
FN:7,BankTransactions
FN:11,withdraw
FN:31,deposit
FN:47,checkBalance
FN:59,payBill
FNF:5
FNH:5
FNDA:7,BankTransactions
FNDA:4,withdraw
FNDA:1,deposit
FNDA:2,checkBalance
FNDA:3,payBill
DA:1,1
DA:2,1
DA:3,1
DA:4,1
DA:5,1
DA:6,1
DA:7,1
DA:8,7
DA:9,7
DA:10,1
DA:11,1
DA:12,4
DA:13,4
DA:14,3
DA:15,2
DA:16,2
DA:17,2
DA:18,2
DA:19,2
DA:20,2
DA:21,2
DA:22,2
DA:23,3
DA:24,1
DA:25,1
DA:26,4
DA:27,1
DA:28,1
DA:29,4
DA:30,1
DA:31,1
DA:32,1
DA:33,1
DA:34,0
DA:35,0
DA:36,0
DA:37,0
DA:38,0
DA:39,0
DA:40,0
DA:41,0
DA:42,1
DA:43,1
DA:44,1
DA:45,1
DA:46,1
DA:47,1
DA:48,2
DA:49,2
DA:50,1
DA:51,1
DA:52,1
DA:53,1
DA:54,1
DA:55,1
DA:56,1
DA:57,2
DA:58,1
DA:59,1
DA:60,3
DA:61,3
DA:62,2
DA:63,1
DA:64,1
DA:65,1
DA:66,1
DA:67,1
DA:68,1
DA:69,1
DA:70,1
DA:71,1
DA:72,1
DA:73,1
DA:74,3
DA:75,1
DA:76,1
DA:77,3
DA:78,1
LF:78
LH:70
BRDA:7,0,0,7
BRDA:11,1,0,4
BRDA:13,2,0,3
BRDA:14,3,0,2
BRDA:23,4,0,1
BRDA:26,5,0,1
BRDA:31,6,0,1
BRDA:33,7,0,0
BRDA:47,8,0,2
BRDA:49,9,0,1
BRDA:59,10,0,3
BRDA:61,11,0,2
BRDA:62,12,0,1
BRDA:74,13,0,1
BRF:14
BRH:13
end_of_record
TN:
SF:src/services/User.service.ts
FN:7,UserService
FN:11,create
FN:25,getUsers
FNF:3
FNH:3
FNDA:3,UserService
FNDA:2,create
FNDA:1,getUsers
DA:1,1
DA:2,1
DA:3,1
DA:4,1
DA:5,1
DA:6,1
DA:7,1
DA:8,3
DA:9,3
DA:10,1
DA:11,1
DA:12,2
DA:13,2
DA:14,1
DA:15,1
DA:16,1
DA:17,1
DA:18,1
DA:19,1
DA:20,1
DA:21,1
DA:22,1
DA:23,2
DA:24,1
DA:25,1
DA:26,1
DA:27,1
DA:28,1
DA:29,1
DA:30,1
DA:31,1
DA:32,1
DA:33,1
DA:34,1
DA:35,1
LF:35
LH:35
BRDA:7,0,0,3
BRDA:11,1,0,2
BRDA:13,2,0,1
BRDA:25,3,0,1
BRDA:27,4,0,1
BRF:5
BRH:5
end_of_record
