TN:
SF:src/services/BankTransactions.service.ts
FN:7,BankTransactions
FN:11,withdraw
FN:33,deposit
FN:49,checkBalance
FN:61,getExampleAccounts
FN:72,payBill
FNF:6
FNH:6
FNDA:8,BankTransactions
FNDA:4,withdraw
FNDA:1,deposit
FNDA:2,checkBalance
FNDA:1,getExampleAccounts
FNDA:3,payBill
DA:1,1
DA:2,1
DA:3,1
DA:4,1
DA:5,1
DA:6,1
DA:7,1
DA:8,8
DA:9,8
DA:10,1
DA:11,1
DA:12,4
DA:13,4
DA:14,4
DA:15,3
DA:16,2
DA:17,2
DA:18,2
DA:19,2
DA:20,2
DA:21,2
DA:22,2
DA:23,2
DA:24,2
DA:25,3
DA:26,1
DA:27,1
DA:28,4
DA:29,1
DA:30,1
DA:31,4
DA:32,1
DA:33,1
DA:34,1
DA:35,1
DA:36,0
DA:37,0
DA:38,0
DA:39,0
DA:40,0
DA:41,0
DA:42,0
DA:43,0
DA:44,1
DA:45,1
DA:46,1
DA:47,1
DA:48,1
DA:49,1
DA:50,2
DA:51,2
DA:52,1
DA:53,1
DA:54,1
DA:55,1
DA:56,1
DA:57,1
DA:58,1
DA:59,2
DA:60,1
DA:61,1
DA:62,1
DA:63,1
DA:64,1
DA:65,1
DA:66,1
DA:67,1
DA:68,1
DA:69,1
DA:70,1
DA:71,1
DA:72,1
DA:73,3
DA:74,3
DA:75,2
DA:76,1
DA:77,1
DA:78,1
DA:79,1
DA:80,1
DA:81,1
DA:82,1
DA:83,1
DA:84,1
DA:85,1
DA:86,1
DA:87,3
DA:88,1
DA:89,1
DA:90,3
DA:91,1
LF:91
LH:83
BRDA:7,0,0,8
BRDA:11,1,0,4
BRDA:14,2,0,3
BRDA:15,3,0,2
BRDA:25,4,0,1
BRDA:28,5,0,1
BRDA:33,6,0,1
BRDA:35,7,0,0
BRDA:49,8,0,2
BRDA:51,9,0,1
BRDA:61,10,0,1
BRDA:63,11,0,1
BRDA:72,12,0,3
BRDA:74,13,0,2
BRDA:75,14,0,1
BRDA:87,15,0,1
BRF:16
BRH:15
end_of_record
